:Site
oid:45035996273704980
name:v_insight_node0001
schema:0
address:10.101.129.49
ei_address:0
catalogPath:/vertica/data/insight/v_insight_node0001_catalog/Catalog
hasCatalog:false
bdbPath:/vertica/data/insight/v_insight_node0001_data/SAL
siteUniqueID:10
isEphemeral:false
isRecoveryClerk:false
parentFaultGroupId:45035996273704974
.
:Site
oid:45035996273719008
name:v_insight_node0002
schema:0
address:10.35.151.232
ei_address:0
catalogPath:/vertica/data/insight/v_insight_node0002_catalog/Catalog
hasCatalog:false
bdbPath:/vertica/data/insight/v_insight_node0002_catalog/SAL
siteUniqueID:11
isEphemeral:false
isRecoveryClerk:false
parentFaultGroupId:45035996273704974
.
:Site
oid:45035996273719012
name:v_insight_node0003
schema:0
address:10.35.148.221
ei_address:0
catalogPath:/vertica/data/insight/v_insight_node0003_catalog/Catalog
hasCatalog:false
bdbPath:/vertica/data/insight/v_insight_node0003_catalog/SAL
siteUniqueID:12
isEphemeral:false
isRecoveryClerk:false
parentFaultGroupId:45035996273704974
.
:Site
oid:45035996273719016
name:v_insight_node0004
schema:0
address:10.35.135.214
ei_address:0
catalogPath:/vertica/data/insight/v_insight_node0004_catalog/Catalog
hasCatalog:false
bdbPath:/vertica/data/insight/v_insight_node0004_catalog/SAL
siteUniqueID:13
isEphemeral:false
isRecoveryClerk:false
parentFaultGroupId:45035996273704974
.
:Site
oid:45035996273719020
name:v_insight_node0005
schema:0
address:10.101.129.19
ei_address:0
catalogPath:/vertica/data/insight/v_insight_node0005_catalog/Catalog
hasCatalog:false
bdbPath:/vertica/data/insight/v_insight_node0005_catalog/SAL
siteUniqueID:14
isEphemeral:false
isRecoveryClerk:false
parentFaultGroupId:45035996273704974
.
:Site
oid:45035996287183638
name:v_insight_node0006
schema:0
address:10.35.134.54
ei_address:0
catalogPath:/vertica/data/insight/v_insight_node0006_catalog/Catalog
hasCatalog:false
bdbPath:/vertica/data/insight/v_insight_node0006_catalog/SAL
siteUniqueID:15
isEphemeral:false
isRecoveryClerk:false
parentFaultGroupId:45035996273704974
.
:Site
oid:45035996287183660
name:v_insight_node0007
schema:0
address:10.35.138.210
ei_address:0
catalogPath:/vertica/data/insight/v_insight_node0007_catalog/Catalog
hasCatalog:false
bdbPath:/vertica/data/insight/v_insight_node0007_catalog/SAL
siteUniqueID:16
isEphemeral:false
isRecoveryClerk:false
parentFaultGroupId:45035996273704974
.
:Site
oid:45035996287183664
name:v_insight_node0008
schema:0
address:10.154.146.157
ei_address:0
catalogPath:/vertica/data/insight/v_insight_node0008_catalog/Catalog
hasCatalog:false
bdbPath:/vertica/data/insight/v_insight_node0008_catalog/SAL
siteUniqueID:17
isEphemeral:false
isRecoveryClerk:true
parentFaultGroupId:45035996273704974
.
:Site
oid:45035996287183668
name:v_insight_node0009
schema:0
address:10.35.148.239
ei_address:0
catalogPath:/vertica/data/insight/v_insight_node0009_catalog/Catalog
hasCatalog:false
bdbPath:/vertica/data/insight/v_insight_node0009_catalog/SAL
siteUniqueID:18
isEphemeral:false
isRecoveryClerk:false
parentFaultGroupId:45035996273704974
.
:Site
oid:45035996287183672
name:v_insight_node0010
schema:0
address:10.166.3.43
ei_address:0
catalogPath:/vertica/data/insight/v_insight_node0010_catalog/Catalog
hasCatalog:false
bdbPath:/vertica/data/insight/v_insight_node0010_catalog/SAL
siteUniqueID:19
isEphemeral:false
isRecoveryClerk:false
parentFaultGroupId:45035996273704974
.
:Site
oid:45035996287183676
name:v_insight_node0011
schema:0
address:10.101.129.58
ei_address:0
catalogPath:/vertica/data/insight/v_insight_node0011_catalog/Catalog
hasCatalog:false
bdbPath:/vertica/data/insight/v_insight_node0011_catalog/SAL
siteUniqueID:20
isEphemeral:false
isRecoveryClerk:false
parentFaultGroupId:45035996273704974
.
:Site
oid:45035996287183680
name:v_insight_node0012
schema:0
address:10.146.205.156
ei_address:0
catalogPath:/vertica/data/insight/v_insight_node0012_catalog/Catalog
hasCatalog:false
bdbPath:/vertica/data/insight/v_insight_node0012_catalog/SAL
siteUniqueID:21
isEphemeral:false
isRecoveryClerk:false
parentFaultGroupId:45035996273704974
.
:Site
oid:45035996287183684
name:v_insight_node0013
schema:0
address:10.102.131.72
ei_address:0
catalogPath:/vertica/data/insight/v_insight_node0013_catalog/Catalog
hasCatalog:false
bdbPath:/vertica/data/insight/v_insight_node0013_catalog/SAL
siteUniqueID:22
isEphemeral:false
isRecoveryClerk:false
parentFaultGroupId:45035996273704974
.
:Site
oid:45035996287183688
name:v_insight_node0014
schema:0
address:10.166.1.147
ei_address:0
catalogPath:/vertica/data/insight/v_insight_node0014_catalog/Catalog
hasCatalog:false
bdbPath:/vertica/data/insight/v_insight_node0014_catalog/SAL
siteUniqueID:23
isEphemeral:false
isRecoveryClerk:false
parentFaultGroupId:45035996273704974
.

